<?xml version="1.0" encoding="UTF-8"?>
<!-- Generated by org.testng.reporters.JUnitReportReporter -->
<testsuite hostname="LAPTOP-RRSOUM9V" failures="0" tests="1" name="com.restassured.testing.RestAssuredgit" time="1.835" errors="1" timestamp="2023-11-30T20:12:04 PST" skipped="0">
  <testcase classname="com.restassured.testing.RestAssuredgit" name="singlerep1" time="1.835">
    <error message="com.github.fge.jsonschema.core.exceptions.InvalidSchemaException: fatal: invalid JSON Schema, cannot continue
Syntax errors:
[ {
  &quot;level&quot; : &quot;warning&quot;,
  &quot;schema&quot; : {
    &quot;loadingURI&quot; : &quot;file:/C:/Users/shoba/eclipse-workspace/com.restassured.testing/target/test-classes/schema.json#&quot;,
    &quot;pointer&quot; : &quot;&quot;
  },
  &quot;domain&quot; : &quot;syntax&quot;,
  &quot;message&quot; : &quot;the following keywords are unknown and will be ignored: [$id]&quot;,
  &quot;ignored&quot; : [ &quot;$id&quot; ]
}, {
  &quot;level&quot; : &quot;error&quot;,
  &quot;schema&quot; : {
    &quot;loadingURI&quot; : &quot;file:/C:/Users/shoba/eclipse-workspace/com.restassured.testing/target/test-classes/schema.json#&quot;,
    &quot;pointer&quot; : &quot;/properties/const&quot;
  },
  &quot;domain&quot; : &quot;syntax&quot;,
  &quot;message&quot; : &quot;JSON value is of type boolean, not a JSON Schema (expected an object)&quot;,
  &quot;found&quot; : &quot;boolean&quot;
}, {
  &quot;level&quot; : &quot;error&quot;,
  &quot;schema&quot; : {
    &quot;loadingURI&quot; : &quot;file:/C:/Users/shoba/eclipse-workspace/com.restassured.testing/target/test-classes/schema.json#&quot;,
    &quot;pointer&quot; : &quot;/properties/default&quot;
  },
  &quot;domain&quot; : &quot;syntax&quot;,
  &quot;message&quot; : &quot;JSON value is of type boolean, not a JSON Schema (expected an object)&quot;,
  &quot;found&quot; : &quot;boolean&quot;
}, {
  &quot;level&quot; : &quot;error&quot;,
  &quot;message&quot; : &quot;value has incorrect type (found boolean, expected one of [array, object])&quot;,
  &quot;domain&quot; : &quot;syntax&quot;,
  &quot;schema&quot; : {
    &quot;loadingURI&quot; : &quot;file:/C:/Users/shoba/eclipse-workspace/com.restassured.testing/target/test-classes/schema.json#&quot;,
    &quot;pointer&quot; : &quot;/properties/enum&quot;
  },
  &quot;keyword&quot; : &quot;items&quot;,
  &quot;found&quot; : &quot;boolean&quot;,
  &quot;expected&quot; : [ &quot;array&quot;, &quot;object&quot; ]
}, {
  &quot;level&quot; : &quot;error&quot;,
  &quot;message&quot; : &quot;value has incorrect type (found boolean, expected one of [array, object])&quot;,
  &quot;domain&quot; : &quot;syntax&quot;,
  &quot;schema&quot; : {
    &quot;loadingURI&quot; : &quot;file:/C:/Users/shoba/eclipse-workspace/com.restassured.testing/target/test-classes/schema.json#&quot;,
    &quot;pointer&quot; : &quot;/properties/examples&quot;
  },
  &quot;keyword&quot; : &quot;items&quot;,
  &quot;found&quot; : &quot;boolean&quot;,
  &quot;expected&quot; : [ &quot;array&quot;, &quot;object&quot; ]
}, {
  &quot;level&quot; : &quot;error&quot;,
  &quot;message&quot; : &quot;value has incorrect type (found integer, expected one of [boolean])&quot;,
  &quot;domain&quot; : &quot;syntax&quot;,
  &quot;schema&quot; : {
    &quot;loadingURI&quot; : &quot;file:/C:/Users/shoba/eclipse-workspace/com.restassured.testing/target/test-classes/schema.json#&quot;,
    &quot;pointer&quot; : &quot;/properties/multipleOf&quot;
  },
  &quot;keyword&quot; : &quot;exclusiveMinimum&quot;,
  &quot;found&quot; : &quot;integer&quot;,
  &quot;expected&quot; : [ &quot;boolean&quot; ]
}, {
  &quot;level&quot; : &quot;warning&quot;,
  &quot;schema&quot; : {
    &quot;loadingURI&quot; : &quot;file:/C:/Users/shoba/eclipse-workspace/com.restassured.testing/target/test-classes/schema.json#&quot;,
    &quot;pointer&quot; : &quot;/properties/patternProperties&quot;
  },
  &quot;domain&quot; : &quot;syntax&quot;,
  &quot;message&quot; : &quot;the following keywords are unknown and will be ignored: [propertyNames]&quot;,
  &quot;ignored&quot; : [ &quot;propertyNames&quot; ]
} ]
    level: &quot;fatal&quot;
" type="io.restassured.module.jsv.JsonSchemaValidationException">
      <![CDATA[io.restassured.module.jsv.JsonSchemaValidationException: com.github.fge.jsonschema.core.exceptions.InvalidSchemaException: fatal: invalid JSON Schema, cannot continue
Syntax errors:
[ {
  "level" : "warning",
  "schema" : {
    "loadingURI" : "file:/C:/Users/shoba/eclipse-workspace/com.restassured.testing/target/test-classes/schema.json#",
    "pointer" : ""
  },
  "domain" : "syntax",
  "message" : "the following keywords are unknown and will be ignored: [$id]",
  "ignored" : [ "$id" ]
}, {
  "level" : "error",
  "schema" : {
    "loadingURI" : "file:/C:/Users/shoba/eclipse-workspace/com.restassured.testing/target/test-classes/schema.json#",
    "pointer" : "/properties/const"
  },
  "domain" : "syntax",
  "message" : "JSON value is of type boolean, not a JSON Schema (expected an object)",
  "found" : "boolean"
}, {
  "level" : "error",
  "schema" : {
    "loadingURI" : "file:/C:/Users/shoba/eclipse-workspace/com.restassured.testing/target/test-classes/schema.json#",
    "pointer" : "/properties/default"
  },
  "domain" : "syntax",
  "message" : "JSON value is of type boolean, not a JSON Schema (expected an object)",
  "found" : "boolean"
}, {
  "level" : "error",
  "message" : "value has incorrect type (found boolean, expected one of [array, object])",
  "domain" : "syntax",
  "schema" : {
    "loadingURI" : "file:/C:/Users/shoba/eclipse-workspace/com.restassured.testing/target/test-classes/schema.json#",
    "pointer" : "/properties/enum"
  },
  "keyword" : "items",
  "found" : "boolean",
  "expected" : [ "array", "object" ]
}, {
  "level" : "error",
  "message" : "value has incorrect type (found boolean, expected one of [array, object])",
  "domain" : "syntax",
  "schema" : {
    "loadingURI" : "file:/C:/Users/shoba/eclipse-workspace/com.restassured.testing/target/test-classes/schema.json#",
    "pointer" : "/properties/examples"
  },
  "keyword" : "items",
  "found" : "boolean",
  "expected" : [ "array", "object" ]
}, {
  "level" : "error",
  "message" : "value has incorrect type (found integer, expected one of [boolean])",
  "domain" : "syntax",
  "schema" : {
    "loadingURI" : "file:/C:/Users/shoba/eclipse-workspace/com.restassured.testing/target/test-classes/schema.json#",
    "pointer" : "/properties/multipleOf"
  },
  "keyword" : "exclusiveMinimum",
  "found" : "integer",
  "expected" : [ "boolean" ]
}, {
  "level" : "warning",
  "schema" : {
    "loadingURI" : "file:/C:/Users/shoba/eclipse-workspace/com.restassured.testing/target/test-classes/schema.json#",
    "pointer" : "/properties/patternProperties"
  },
  "domain" : "syntax",
  "message" : "the following keywords are unknown and will be ignored: [propertyNames]",
  "ignored" : [ "propertyNames" ]
} ]
    level: "fatal"

at io.restassured.module.jsv.JsonSchemaValidator.matchesSafely(JsonSchemaValidator.java:233)
at io.restassured.module.jsv.JsonSchemaValidator.matchesSafely(JsonSchemaValidator.java:75)
at org.hamcrest.TypeSafeMatcher.matches(TypeSafeMatcher.java:67)
at io.restassured.internal.assertion.BodyMatcher.validate(BodyMatcher.java:82)
at io.restassured.internal.assertion.BodyMatcherGroup.lambda$validate$0(BodyMatcherGroup.java:30)
at java.base/java.util.stream.ReferencePipeline$3$1.accept(ReferencePipeline.java:197)
at java.base/java.util.ArrayList$ArrayListSpliterator.forEachRemaining(ArrayList.java:1625)
at java.base/java.util.stream.AbstractPipeline.copyInto(AbstractPipeline.java:509)
at java.base/java.util.stream.AbstractPipeline.wrapAndCopyInto(AbstractPipeline.java:499)
at java.base/java.util.stream.ReduceOps$ReduceOp.evaluateSequential(ReduceOps.java:921)
at java.base/java.util.stream.AbstractPipeline.evaluate(AbstractPipeline.java:234)
at java.base/java.util.stream.ReferencePipeline.collect(ReferencePipeline.java:682)
at io.restassured.internal.assertion.BodyMatcherGroup.validate(BodyMatcherGroup.java:30)
at io.restassured.internal.assertion.BodyMatcherGroup$validate$3.call(Unknown Source)
at org.codehaus.groovy.runtime.callsite.CallSiteArray.defaultCall(CallSiteArray.java:45)
at org.codehaus.groovy.runtime.callsite.AbstractCallSite.call(AbstractCallSite.java:125)
at org.codehaus.groovy.runtime.callsite.AbstractCallSite.call(AbstractCallSite.java:157)
at io.restassured.internal.ResponseSpecificationImpl$HamcrestAssertionClosure.validate(ResponseSpecificationImpl.groovy:499)
at io.restassured.internal.ResponseSpecificationImpl$HamcrestAssertionClosure$validate$1.call(Unknown Source)
at org.codehaus.groovy.runtime.callsite.CallSiteArray.defaultCall(CallSiteArray.java:45)
at org.codehaus.groovy.runtime.callsite.AbstractCallSite.call(AbstractCallSite.java:125)
at org.codehaus.groovy.runtime.callsite.AbstractCallSite.call(AbstractCallSite.java:139)
at io.restassured.internal.ResponseSpecificationImpl.validateResponseIfRequired(ResponseSpecificationImpl.groovy:696)
at io.restassured.internal.ResponseSpecificationImpl.this$2$validateResponseIfRequired(ResponseSpecificationImpl.groovy)
at java.base/jdk.internal.reflect.NativeMethodAccessorImpl.invoke0(Native Method)
at java.base/jdk.internal.reflect.NativeMethodAccessorImpl.invoke(NativeMethodAccessorImpl.java:77)
at java.base/jdk.internal.reflect.DelegatingMethodAccessorImpl.invoke(DelegatingMethodAccessorImpl.java:43)
at java.base/java.lang.reflect.Method.invoke(Method.java:568)
at org.codehaus.groovy.runtime.callsite.PlainObjectMetaMethodSite.doInvoke(PlainObjectMetaMethodSite.java:43)
at org.codehaus.groovy.runtime.callsite.PogoMetaMethodSite$PogoCachedMethodSiteNoUnwrapNoCoerce.invoke(PogoMetaMethodSite.java:198)
at org.codehaus.groovy.runtime.callsite.PogoMetaMethodSite.callCurrent(PogoMetaMethodSite.java:62)
at org.codehaus.groovy.runtime.callsite.CallSiteArray.defaultCallCurrent(CallSiteArray.java:49)
at org.codehaus.groovy.runtime.callsite.AbstractCallSite.callCurrent(AbstractCallSite.java:171)
at org.codehaus.groovy.runtime.callsite.AbstractCallSite.callCurrent(AbstractCallSite.java:185)
at io.restassured.internal.ResponseSpecificationImpl.body(ResponseSpecificationImpl.groovy:107)
at io.restassured.internal.ValidatableResponseOptionsImpl.body(ValidatableResponseOptionsImpl.java:238)
at com.restassured.testing.RestAssuredgit.singlerep1(RestAssuredgit.java:70)
at java.base/jdk.internal.reflect.NativeMethodAccessorImpl.invoke0(Native Method)
at java.base/jdk.internal.reflect.NativeMethodAccessorImpl.invoke(NativeMethodAccessorImpl.java:77)
at java.base/jdk.internal.reflect.DelegatingMethodAccessorImpl.invoke(DelegatingMethodAccessorImpl.java:43)
at java.base/java.lang.reflect.Method.invoke(Method.java:568)
at org.testng.internal.invokers.MethodInvocationHelper.invokeMethod(MethodInvocationHelper.java:139)
at org.testng.internal.invokers.TestInvoker.invokeMethod(TestInvoker.java:677)
at org.testng.internal.invokers.TestInvoker.invokeTestMethod(TestInvoker.java:221)
at org.testng.internal.invokers.MethodRunner.runInSequence(MethodRunner.java:50)
at org.testng.internal.invokers.TestInvoker$MethodInvocationAgent.invoke(TestInvoker.java:962)
at org.testng.internal.invokers.TestInvoker.invokeTestMethods(TestInvoker.java:194)
at org.testng.internal.invokers.TestMethodWorker.invokeTestMethods(TestMethodWorker.java:148)
at org.testng.internal.invokers.TestMethodWorker.run(TestMethodWorker.java:128)
at java.base/java.util.ArrayList.forEach(ArrayList.java:1511)
at org.testng.TestRunner.privateRun(TestRunner.java:806)
at org.testng.TestRunner.run(TestRunner.java:601)
at org.testng.SuiteRunner.runTest(SuiteRunner.java:433)
at org.testng.SuiteRunner.runSequentially(SuiteRunner.java:427)
at org.testng.SuiteRunner.privateRun(SuiteRunner.java:387)
at org.testng.SuiteRunner.run(SuiteRunner.java:330)
at org.testng.SuiteRunnerWorker.runSuite(SuiteRunnerWorker.java:52)
at org.testng.SuiteRunnerWorker.run(SuiteRunnerWorker.java:95)
at org.testng.TestNG.runSuitesSequentially(TestNG.java:1256)
at org.testng.TestNG.runSuitesLocally(TestNG.java:1176)
at org.testng.TestNG.runSuites(TestNG.java:1099)
at org.testng.TestNG.run(TestNG.java:1067)
at org.testng.remote.AbstractRemoteTestNG.run(AbstractRemoteTestNG.java:115)
at org.testng.remote.RemoteTestNG.initAndRun(RemoteTestNG.java:251)
at org.testng.remote.RemoteTestNG.main(RemoteTestNG.java:77)
Caused by: com.github.fge.jsonschema.core.exceptions.InvalidSchemaException: fatal: invalid JSON Schema, cannot continue
Syntax errors:
[ {
  "level" : "warning",
  "schema" : {
    "loadingURI" : "file:/C:/Users/shoba/eclipse-workspace/com.restassured.testing/target/test-classes/schema.json#",
    "pointer" : ""
  },
  "domain" : "syntax",
  "message" : "the following keywords are unknown and will be ignored: [$id]",
  "ignored" : [ "$id" ]
}, {
  "level" : "error",
  "schema" : {
    "loadingURI" : "file:/C:/Users/shoba/eclipse-workspace/com.restassured.testing/target/test-classes/schema.json#",
    "pointer" : "/properties/const"
  },
  "domain" : "syntax",
  "message" : "JSON value is of type boolean, not a JSON Schema (expected an object)",
  "found" : "boolean"
}, {
  "level" : "error",
  "schema" : {
    "loadingURI" : "file:/C:/Users/shoba/eclipse-workspace/com.restassured.testing/target/test-classes/schema.json#",
    "pointer" : "/properties/default"
  },
  "domain" : "syntax",
  "message" : "JSON value is of type boolean, not a JSON Schema (expected an object)",
  "found" : "boolean"
}, {
  "level" : "error",
  "message" : "value has incorrect type (found boolean, expected one of [array, object])",
  "domain" : "syntax",
  "schema" : {
    "loadingURI" : "file:/C:/Users/shoba/eclipse-workspace/com.restassured.testing/target/test-classes/schema.json#",
    "pointer" : "/properties/enum"
  },
  "keyword" : "items",
  "found" : "boolean",
  "expected" : [ "array", "object" ]
}, {
  "level" : "error",
  "message" : "value has incorrect type (found boolean, expected one of [array, object])",
  "domain" : "syntax",
  "schema" : {
    "loadingURI" : "file:/C:/Users/shoba/eclipse-workspace/com.restassured.testing/target/test-classes/schema.json#",
    "pointer" : "/properties/examples"
  },
  "keyword" : "items",
  "found" : "boolean",
  "expected" : [ "array", "object" ]
}, {
  "level" : "error",
  "message" : "value has incorrect type (found integer, expected one of [boolean])",
  "domain" : "syntax",
  "schema" : {
    "loadingURI" : "file:/C:/Users/shoba/eclipse-workspace/com.restassured.testing/target/test-classes/schema.json#",
    "pointer" : "/properties/multipleOf"
  },
  "keyword" : "exclusiveMinimum",
  "found" : "integer",
  "expected" : [ "boolean" ]
}, {
  "level" : "warning",
  "schema" : {
    "loadingURI" : "file:/C:/Users/shoba/eclipse-workspace/com.restassured.testing/target/test-classes/schema.json#",
    "pointer" : "/properties/patternProperties"
  },
  "domain" : "syntax",
  "message" : "the following keywords are unknown and will be ignored: [propertyNames]",
  "ignored" : [ "propertyNames" ]
} ]
    level: "fatal"

at com.github.fge.jsonschema.processors.validation.InstanceValidator.process(InstanceValidator.java:114)
at com.github.fge.jsonschema.processors.validation.ValidationProcessor.process(ValidationProcessor.java:56)
at com.github.fge.jsonschema.processors.validation.ValidationProcessor.process(ValidationProcessor.java:34)
at com.github.fge.jsonschema.core.processing.ProcessingResult.of(ProcessingResult.java:79)
at com.github.fge.jsonschema.main.JsonSchemaImpl.doValidate(JsonSchemaImpl.java:77)
at com.github.fge.jsonschema.main.JsonSchemaImpl.validate(JsonSchemaImpl.java:100)
at com.github.fge.jsonschema.main.JsonSchemaImpl.validate(JsonSchemaImpl.java:110)
at io.restassured.module.jsv.JsonSchemaValidator.matchesSafely(JsonSchemaValidator.java:227)
... 64 more
]]>
    </error>
  </testcase> <!-- singlerep1 -->
  <system-out/>
</testsuite> <!-- com.restassured.testing.RestAssuredgit -->
